<?xml version="1.0" encoding="UTF-8"?>
<testsuite name="io.turntabl.customers.CustomersApplicationTests" tests="1" skipped="0" failures="0" errors="0" timestamp="2019-11-21T12:12:51" hostname="sammy" time="0.04">
  <properties/>
  <testcase name="testSearchClientByID()" classname="io.turntabl.customers.CustomersApplicationTests" time="0.04"/>
  <system-out><![CDATA[]]></system-out>
  <system-err><![CDATA[]]></system-err>
</testsuite>
